<?xml version="1.0" encoding="UTF-8"?>
<!-- Generated by org.testng.reporters.JUnitXMLReporter -->
<testsuite ignored="0" hostname="LAPTOP-5SVFBQN8" failures="0" tests="3" name="Error Validation Test" time="13.125" errors="0" timestamp="2022-11-20T21:06:30 GMT">
  <testcase classname="sachinbhandary.Tests.ErrorValidationTest" name="LoginWongUsernameErrorValidation" time="0.318"/>
  <testcase classname="sachinbhandary.Tests.ErrorValidationTest" name="LoginWrongPasswordErrorValidation" time="0.288"/>
  <testcase classname="sachinbhandary.Tests.ErrorValidationTest" name="ProductErrorValidation" time="0.887"/>
</testsuite> <!-- Error Validation Test -->
