<?xml version="1.0" encoding="UTF-8"?>
<!-- Generated by org.testng.reporters.JUnitXMLReporter -->
<testsuite ignored="0" hostname="LAPTOP-5SVFBQN8" failures="0" tests="3" name="Product Page Functionality Test" time="45.875" errors="0" timestamp="2022-11-20T21:07:25 GMT">
  <testcase classname="sachinbhandary.Tests.ProductPageFunctionalityTest" name="AddAllItemsToCart" time="1.89"/>
  <testcase classname="sachinbhandary.Tests.ProductPageFunctionalityTest" name="RemoveAllItemsFromCart" time="11.147"/>
  <testcase classname="sachinbhandary.Tests.ProductPageFunctionalityTest" name="VerifyRemoveButton" time="10.778"/>
</testsuite> <!-- Product Page Functionality Test -->
