<?xml version="1.0" encoding="UTF-8"?>
<!-- Generated by org.testng.reporters.JUnitXMLReporter -->
<testsuite ignored="0" hostname="LAPTOP-5SVFBQN8" failures="0" tests="2" name="Purchase Order Test" time="20.794" errors="0" timestamp="2022-11-19T17:48:29 GMT">
  <testcase classname="sachinbhandary.Tests.PurchaseOrderTest" name="MultipleOrderWithContinueShoppingButton" time="5.382"/>
  <testcase classname="sachinbhandary.Tests.PurchaseOrderTest" name="PurchaseOrder" time="5.108"/>
</testsuite> <!-- Purchase Order Test -->
