<?xml version="1.0" encoding="UTF-8"?>
<!-- Generated by org.testng.reporters.JUnitXMLReporter -->
<testsuite ignored="0" hostname="LAPTOP-5SVFBQN8" failures="0" tests="2" name="Submit Order Test" time="19.657" errors="0" timestamp="2022-11-18T18:37:56 GMT">
  <testcase classname="sachinbhandary.Tests.ErrorValidationTest" name="LoginErrorValidation" time="0.98"/>
  <testcase classname="sachinbhandary.Tests.ErrorValidationTest" name="ProductErrorvalidation" time="1.144"/>
</testsuite> <!-- Submit Order Test -->
