<?xml version="1.0" encoding="UTF-8"?>
<testng-results ignored="0" total="5" passed="5" failed="0" skipped="0">
  <reporter-output>
  </reporter-output>
  <suite started-at="2022-11-20T21:06:39 GMT" name="Suite" finished-at="2022-11-20T21:07:25 GMT" duration-ms="45875">
    <groups>
    </groups>
    <test started-at="2022-11-20T21:06:39 GMT" name="Multiple Order Test" finished-at="2022-11-20T21:06:57 GMT" duration-ms="18289">
      <class name="sachinbhandary.Tests.MultipleOrderTest">
        <test-method is-config="true" signature="launchApplication()[pri:0, instance:sachinbhandary.Tests.MultipleOrderTest@5e2c3d18]" started-at="2022-11-20T21:06:40 GMT" name="launchApplication" finished-at="2022-11-20T21:06:49 GMT" duration-ms="9307" status="PASS">
          <reporter-output>
          </reporter-output>
        </test-method> <!-- launchApplication -->
        <test-method signature="MultipleOrderWithContinueShoppingButton(java.util.HashMap)[pri:0, instance:sachinbhandary.Tests.MultipleOrderTest@5e2c3d18]" started-at="2022-11-20T21:06:49 GMT" name="MultipleOrderWithContinueShoppingButton" data-provider="getData" finished-at="2022-11-20T21:06:54 GMT" duration-ms="5153" status="PASS">
          <params>
            <param index="0">
              <value>
                <![CDATA[{password=secret_sauce, firstname=Sachin, itemb=Sauce Labs Bike Light, itema=Sauce Labs Backpack, postcode=456987, itemd=Sauce Labs Fleece Jacket, itemc=Sauce Labs Bolt T-Shirt, itemf=Test.allTheThings() T-Shirt (Red), username=standard_user, lastname=Bhandary, iteme=Sauce Labs Onesie}]]>
              </value>
            </param>
          </params>
          <reporter-output>
          </reporter-output>
        </test-method> <!-- MultipleOrderWithContinueShoppingButton -->
        <test-method is-config="true" signature="cloreBrowser()[pri:0, instance:sachinbhandary.Tests.MultipleOrderTest@5e2c3d18]" started-at="2022-11-20T21:06:54 GMT" name="cloreBrowser" finished-at="2022-11-20T21:06:57 GMT" duration-ms="3460" status="PASS">
          <reporter-output>
          </reporter-output>
        </test-method> <!-- cloreBrowser -->
      </class> <!-- sachinbhandary.Tests.MultipleOrderTest -->
    </test> <!-- Multiple Order Test -->
    <test started-at="2022-11-20T21:06:39 GMT" name="Cart Page Functionality Test" finished-at="2022-11-20T21:07:02 GMT" duration-ms="22796">
      <class name="sachinbhandary.Tests.CartPageFunctionalityTest">
        <test-method is-config="true" signature="launchApplication()[pri:0, instance:sachinbhandary.Tests.CartPageFunctionalityTest@909217e]" started-at="2022-11-20T21:06:40 GMT" name="launchApplication" finished-at="2022-11-20T21:06:50 GMT" duration-ms="10377" status="PASS">
          <reporter-output>
          </reporter-output>
        </test-method> <!-- launchApplication -->
        <test-method signature="RemoveAllItemsFromCart(java.util.HashMap)[pri:0, instance:sachinbhandary.Tests.CartPageFunctionalityTest@909217e]" started-at="2022-11-20T21:06:50 GMT" name="RemoveAllItemsFromCart" data-provider="getData" finished-at="2022-11-20T21:07:02 GMT" duration-ms="11580" status="PASS">
          <params>
            <param index="0">
              <value>
                <![CDATA[{password=secret_sauce, firstname=Sachin, itemb=Sauce Labs Bike Light, itema=Sauce Labs Backpack, postcode=456987, itemd=Sauce Labs Fleece Jacket, itemc=Sauce Labs Bolt T-Shirt, itemf=Test.allTheThings() T-Shirt (Red), username=standard_user, lastname=Bhandary, iteme=Sauce Labs Onesie}]]>
              </value>
            </param>
          </params>
          <reporter-output>
          </reporter-output>
        </test-method> <!-- RemoveAllItemsFromCart -->
        <test-method is-config="true" signature="cloreBrowser()[pri:0, instance:sachinbhandary.Tests.CartPageFunctionalityTest@909217e]" started-at="2022-11-20T21:07:02 GMT" name="cloreBrowser" finished-at="2022-11-20T21:07:02 GMT" duration-ms="458" status="PASS">
          <reporter-output>
          </reporter-output>
        </test-method> <!-- cloreBrowser -->
      </class> <!-- sachinbhandary.Tests.CartPageFunctionalityTest -->
    </test> <!-- Cart Page Functionality Test -->
    <test started-at="2022-11-20T21:06:39 GMT" name="Product Page Functionality Test" finished-at="2022-11-20T21:07:25 GMT" duration-ms="45875">
      <class name="sachinbhandary.Tests.ProductPageFunctionalityTest">
        <test-method is-config="true" signature="launchApplication()[pri:0, instance:sachinbhandary.Tests.ProductPageFunctionalityTest@5677323c]" started-at="2022-11-20T21:06:40 GMT" name="launchApplication" finished-at="2022-11-20T21:06:49 GMT" duration-ms="9578" status="PASS">
          <reporter-output>
          </reporter-output>
        </test-method> <!-- launchApplication -->
        <test-method signature="AddAllItemsToCart(java.util.HashMap)[pri:0, instance:sachinbhandary.Tests.ProductPageFunctionalityTest@5677323c]" started-at="2022-11-20T21:06:49 GMT" name="AddAllItemsToCart" data-provider="getData" finished-at="2022-11-20T21:06:51 GMT" duration-ms="1890" status="PASS">
          <params>
            <param index="0">
              <value>
                <![CDATA[{password=secret_sauce, firstname=Sachin, itemb=Sauce Labs Bike Light, itema=Sauce Labs Backpack, postcode=456987, itemd=Sauce Labs Fleece Jacket, itemc=Sauce Labs Bolt T-Shirt, itemf=Test.allTheThings() T-Shirt (Red), username=standard_user, lastname=Bhandary, iteme=Sauce Labs Onesie}]]>
              </value>
            </param>
          </params>
          <reporter-output>
          </reporter-output>
        </test-method> <!-- AddAllItemsToCart -->
        <test-method is-config="true" signature="cloreBrowser()[pri:0, instance:sachinbhandary.Tests.ProductPageFunctionalityTest@5677323c]" started-at="2022-11-20T21:06:51 GMT" name="cloreBrowser" finished-at="2022-11-20T21:06:52 GMT" duration-ms="1043" status="PASS">
          <reporter-output>
          </reporter-output>
        </test-method> <!-- cloreBrowser -->
        <test-method is-config="true" signature="launchApplication()[pri:0, instance:sachinbhandary.Tests.ProductPageFunctionalityTest@5677323c]" started-at="2022-11-20T21:06:52 GMT" name="launchApplication" finished-at="2022-11-20T21:06:58 GMT" duration-ms="5991" status="PASS">
          <reporter-output>
          </reporter-output>
        </test-method> <!-- launchApplication -->
        <test-method signature="RemoveAllItemsFromCart(java.util.HashMap)[pri:0, instance:sachinbhandary.Tests.ProductPageFunctionalityTest@5677323c]" started-at="2022-11-20T21:06:58 GMT" name="RemoveAllItemsFromCart" data-provider="getData" finished-at="2022-11-20T21:07:09 GMT" duration-ms="11147" status="PASS">
          <params>
            <param index="0">
              <value>
                <![CDATA[{password=secret_sauce, firstname=Sachin, itemb=Sauce Labs Bike Light, itema=Sauce Labs Backpack, postcode=456987, itemd=Sauce Labs Fleece Jacket, itemc=Sauce Labs Bolt T-Shirt, itemf=Test.allTheThings() T-Shirt (Red), username=standard_user, lastname=Bhandary, iteme=Sauce Labs Onesie}]]>
              </value>
            </param>
          </params>
          <reporter-output>
          </reporter-output>
        </test-method> <!-- RemoveAllItemsFromCart -->
        <test-method is-config="true" signature="cloreBrowser()[pri:0, instance:sachinbhandary.Tests.ProductPageFunctionalityTest@5677323c]" started-at="2022-11-20T21:07:09 GMT" name="cloreBrowser" finished-at="2022-11-20T21:07:10 GMT" duration-ms="451" status="PASS">
          <reporter-output>
          </reporter-output>
        </test-method> <!-- cloreBrowser -->
        <test-method is-config="true" signature="launchApplication()[pri:0, instance:sachinbhandary.Tests.ProductPageFunctionalityTest@5677323c]" started-at="2022-11-20T21:07:10 GMT" name="launchApplication" finished-at="2022-11-20T21:07:14 GMT" duration-ms="4270" status="PASS">
          <reporter-output>
          </reporter-output>
        </test-method> <!-- launchApplication -->
        <test-method signature="VerifyRemoveButton(java.util.HashMap)[pri:0, instance:sachinbhandary.Tests.ProductPageFunctionalityTest@5677323c]" started-at="2022-11-20T21:07:14 GMT" name="VerifyRemoveButton" data-provider="getData" finished-at="2022-11-20T21:07:25 GMT" duration-ms="10778" status="PASS">
          <params>
            <param index="0">
              <value>
                <![CDATA[{password=secret_sauce, firstname=Sachin, itemb=Sauce Labs Bike Light, itema=Sauce Labs Backpack, postcode=456987, itemd=Sauce Labs Fleece Jacket, itemc=Sauce Labs Bolt T-Shirt, itemf=Test.allTheThings() T-Shirt (Red), username=standard_user, lastname=Bhandary, iteme=Sauce Labs Onesie}]]>
              </value>
            </param>
          </params>
          <reporter-output>
          </reporter-output>
        </test-method> <!-- VerifyRemoveButton -->
        <test-method is-config="true" signature="cloreBrowser()[pri:0, instance:sachinbhandary.Tests.ProductPageFunctionalityTest@5677323c]" started-at="2022-11-20T21:07:25 GMT" name="cloreBrowser" finished-at="2022-11-20T21:07:25 GMT" duration-ms="346" status="PASS">
          <reporter-output>
          </reporter-output>
        </test-method> <!-- cloreBrowser -->
      </class> <!-- sachinbhandary.Tests.ProductPageFunctionalityTest -->
    </test> <!-- Product Page Functionality Test -->
  </suite> <!-- Suite -->
</testng-results>
